# JRE version: Java(TM) SE Runtime Environment (8.0_111-b14) (build 1.8.0_111-b14)
# Java VM: Java HotSpot(TM) Client VM (25.111-b14 mixed mode windows-x86 )
Heap:
 def new generation   total 14656K, used 1790K [0x04800000, 0x057e0000, 0x09d50000)
  eden space 13056K,  13% used [0x04800000, 0x049bf940, 0x054c0000)
  from space 1600K,   0% used [0x054c0000, 0x054c0000, 0x05650000)
  to   space 1600K,   0% used [0x05650000, 0x05650000, 0x057e0000)
 tenured generation   total 32348K, used 15415K [0x09d50000, 0x0bce7000, 0x14800000)
   the space 32348K,  47% used [0x09d50000, 0x0ac5df80, 0x0ac5e000, 0x0bce7000)
 Metaspace       used 12982K, capacity 13398K, committed 13440K, reserved 13696K
GC Heap History (10 events):
Event: 94.562 GC heap before
{Heap before GC invocations=53 (full 12):
 def new generation   total 13568K, used 12202K [0x04800000, 0x056b0000, 0x09d50000)
  eden space 12096K, 100% used [0x04800000, 0x053d0000, 0x053d0000)
  from space 1472K,   7% used [0x053d0000, 0x053eab58, 0x05540000)
  to   space 1472K,   0% used [0x05540000, 0x05540000, 0x056b0000)
 tenured generation   total 29964K, used 27546K [0x09d50000, 0x0ba93000, 0x14800000)
   the space 29964K,  91% used [0x09d50000, 0x0b836a78, 0x0b836c00, 0x0ba93000)
 Metaspace       used 12233K, capacity 12599K, committed 12672K, reserved 12672K
Event: 94.566 GC heap after
Heap after GC invocations=54 (full 12):
 def new generation   total 13568K, used 106K [0x04800000, 0x056b0000, 0x09d50000)
  eden space 12096K,   0% used [0x04800000, 0x04800000, 0x053d0000)
  from space 1472K,   7% used [0x05540000, 0x0555a938, 0x056b0000)
  to   space 1472K,   0% used [0x053d0000, 0x053d0000, 0x05540000)
 tenured generation   total 29964K, used 27546K [0x09d50000, 0x0ba93000, 0x14800000)
   the space 29964K,  91% used [0x09d50000, 0x0b836a78, 0x0b836c00, 0x0ba93000)
 Metaspace       used 12233K, capacity 12599K, committed 12672K, reserved 12672K
}
Event: 97.335 GC heap before
{Heap before GC invocations=54 (full 12):
 def new generation   total 13568K, used 12202K [0x04800000, 0x056b0000, 0x09d50000)
  eden space 12096K, 100% used [0x04800000, 0x053d0000, 0x053d0000)
  from space 1472K,   7% used [0x05540000, 0x0555a938, 0x056b0000)
  to   space 1472K,   0% used [0x053d0000, 0x053d0000, 0x05540000)
 tenured generation   total 29964K, used 27546K [0x09d50000, 0x0ba93000, 0x14800000)
   the space 29964K,  91% used [0x09d50000, 0x0b836a78, 0x0b836c00, 0x0ba93000)
 Metaspace       used 12233K, capacity 12599K, committed 12672K, reserved 12672K
Event: 97.338 GC heap after
Heap after GC invocations=55 (full 12):
 def new generation   total 13568K, used 104K [0x04800000, 0x056b0000, 0x09d50000)
  eden space 12096K,   0% used [0x04800000, 0x04800000, 0x053d0000)
  from space 1472K,   7% used [0x053d0000, 0x053ea340, 0x05540000)
  to   space 1472K,   0% used [0x05540000, 0x05540000, 0x056b0000)
 tenured generation   total 29964K, used 27546K [0x09d50000, 0x0ba93000, 0x14800000)
   the space 29964K,  91% used [0x09d50000, 0x0b836a78, 0x0b836c00, 0x0ba93000)
 Metaspace       used 12233K, capacity 12599K, committed 12672K, reserved 12672K
}
Event: 98.779 GC heap before
{Heap before GC invocations=55 (full 12):
 def new generation   total 13568K, used 10933K [0x04800000, 0x056b0000, 0x09d50000)
  eden space 12096K,  89% used [0x04800000, 0x052933e0, 0x053d0000)
  from space 1472K,   7% used [0x053d0000, 0x053ea340, 0x05540000)
  to   space 1472K,   0% used [0x05540000, 0x05540000, 0x056b0000)
 tenured generation   total 29964K, used 27546K [0x09d50000, 0x0ba93000, 0x14800000)
   the space 29964K,  91% used [0x09d50000, 0x0b836a78, 0x0b836c00, 0x0ba93000)
 Metaspace       used 12283K, capacity 12663K, committed 12800K, reserved 13696K
Event: 98.784 GC heap after
Heap after GC invocations=56 (full 12):
 def new generation   total 13568K, used 102K [0x04800000, 0x056b0000, 0x09d50000)
  eden space 12096K,   0% used [0x04800000, 0x04800000, 0x053d0000)
  from space 1472K,   6% used [0x05540000, 0x05559830, 0x056b0000)
  to   space 1472K,   0% used [0x053d0000, 0x053d0000, 0x05540000)
 tenured generation   total 29964K, used 29929K [0x09d50000, 0x0ba93000, 0x14800000)
   the space 29964K,  99% used [0x09d50000, 0x0ba8a438, 0x0ba8a600, 0x0ba93000)
 Metaspace       used 12283K, capacity 12663K, committed 12800K, reserved 13696K
}
Event: 98.803 GC heap before
{Heap before GC invocations=56 (full 12):
 def new generation   total 13568K, used 2726K [0x04800000, 0x056b0000, 0x09d50000)
  eden space 12096K,  21% used [0x04800000, 0x04a90248, 0x053d0000)
  from space 1472K,   6% used [0x05540000, 0x05559830, 0x056b0000)
  to   space 1472K,   0% used [0x053d0000, 0x053d0000, 0x05540000)
 tenured generation   total 29964K, used 29929K [0x09d50000, 0x0ba93000, 0x14800000)
   the space 29964K,  99% used [0x09d50000, 0x0ba8a438, 0x0ba8a600, 0x0ba93000)
 Metaspace       used 12283K, capacity 12663K, committed 12800K, reserved 13696K
Event: 98.808 GC heap after
Heap after GC invocations=57 (full 12):
 def new generation   total 13568K, used 95K [0x04800000, 0x056b0000, 0x09d50000)
  eden space 12096K,   0% used [0x04800000, 0x04800000, 0x053d0000)
  from space 1472K,   6% used [0x053d0000, 0x053e7ea0, 0x05540000)
  to   space 1472K,   0% used [0x05540000, 0x05540000, 0x056b0000)
 tenured generation   total 32348K, used 32311K [0x09d50000, 0x0bce7000, 0x14800000)
   the space 32348K,  99% used [0x09d50000, 0x0bcdddf8, 0x0bcdde00, 0x0bce7000)
 Metaspace       used 12283K, capacity 12663K, committed 12800K, reserved 13696K
}
Event: 129.820 GC heap before
{Heap before GC invocations=57 (full 12):
 def new generation   total 13568K, used 12191K [0x04800000, 0x056b0000, 0x09d50000)
  eden space 12096K, 100% used [0x04800000, 0x053d0000, 0x053d0000)
  from space 1472K,   6% used [0x053d0000, 0x053e7ea0, 0x05540000)
  to   space 1472K,   0% used [0x05540000, 0x05540000, 0x056b0000)
 tenured generation   total 32348K, used 32311K [0x09d50000, 0x0bce7000, 0x14800000)
   the space 32348K,  99% used [0x09d50000, 0x0bcdddf8, 0x0bcdde00, 0x0bce7000)
 Metaspace       used 12973K, capacity 13374K, committed 13440K, reserved 13696K
Event: 129.890 GC heap after
Heap after GC invocations=58 (full 13):
 def new generation   total 14656K, used 0K [0x04800000, 0x057e0000, 0x09d50000)
  eden space 13056K,   0% used [0x04800000, 0x04800000, 0x054c0000)
  from space 1600K,   0% used [0x054c0000, 0x054c0000, 0x05650000)
  to   space 1600K,   0% used [0x05650000, 0x05650000, 0x057e0000)
 tenured generation   total 32348K, used 15415K [0x09d50000, 0x0bce7000, 0x14800000)
   the space 32348K,  47% used [0x09d50000, 0x0ac5df80, 0x0ac5e000, 0x0bce7000)
 Metaspace       used 12943K, capacity 13336K, committed 13440K, reserved 13696K
}

